
------------------------------------------------------------
Sender: LSF System <lsfadmin@hpc.dtu.dk>
Subject: Job 19681780: <RELAX_/zhome/58/f/181392/DTU/DL/Project/DL_RELAX/results/Regular_Frequency_Masking/1-22804-A-46.wav> in cluster <dcc> Exited

Job <RELAX_/zhome/58/f/181392/DTU/DL/Project/DL_RELAX/results/Regular_Frequency_Masking/1-22804-A-46.wav> was submitted from host <gbarlogin2> by user <s222883> in cluster <dcc> at Mon Dec  4 00:11:45 2023
Job was executed on host(s) <2*n-62-31-10>, in queue <hpc>, as user <s222883> in cluster <dcc> at Mon Dec  4 00:11:46 2023
</zhome/58/f/181392> was used as the home directory.
</zhome/58/f/181392/DTU/DL/Project/DL_RELAX> was used as the working directory.
Started at Mon Dec  4 00:11:46 2023
Terminated at Mon Dec  4 15:34:25 2023
Results reported at Mon Dec  4 15:34:25 2023

Your job looked like:

------------------------------------------------------------
# LSBATCH: User input
/zhome/58/f/181392/DTU/DL/Project/DL_RELAX/train.sh /zhome/58/f/181392/DTU/DL/Project/DL_RELAX/results/Regular_Frequency_Masking/1-22804-A-46.wav
------------------------------------------------------------

TERM_OWNER: job killed by owner.
Exited with exit code 130.

Resource usage summary:

    CPU time :                                   55422.88 sec.
    Max Memory :                                 21732 MB
    Average Memory :                             14871.74 MB
    Total Requested Memory :                     131072.00 MB
    Delta Memory :                               109340.00 MB
    Max Swap :                                   2 MB
    Max Processes :                              4
    Max Threads :                                6
    Run time :                                   55433 sec.
    Turnaround time :                            55360 sec.

The output (if any) is above this job summary.



PS:

Read file </zhome/58/f/181392/DTU/DL/Project/DL_RELAX/outputs/19681780.err> for stderr output of this job.

