
------------------------------------------------------------
Sender: LSF System <lsfadmin@hpc.dtu.dk>
Subject: Job 19681783: <RELAX_/zhome/58/f/181392/DTU/DL/Project/DL_RELAX/results/Very_Hard_To_Guess/3-95695-A-5.wav> in cluster <dcc> Exited

Job <RELAX_/zhome/58/f/181392/DTU/DL/Project/DL_RELAX/results/Very_Hard_To_Guess/3-95695-A-5.wav> was submitted from host <gbarlogin2> by user <s222883> in cluster <dcc> at Mon Dec  4 00:11:47 2023
Job was executed on host(s) <2*n-62-31-3>, in queue <hpc>, as user <s222883> in cluster <dcc> at Mon Dec  4 00:11:47 2023
</zhome/58/f/181392> was used as the home directory.
</zhome/58/f/181392/DTU/DL/Project/DL_RELAX> was used as the working directory.
Started at Mon Dec  4 00:11:47 2023
Terminated at Mon Dec  4 15:34:29 2023
Results reported at Mon Dec  4 15:34:29 2023

Your job looked like:

------------------------------------------------------------
# LSBATCH: User input
/zhome/58/f/181392/DTU/DL/Project/DL_RELAX/train.sh /zhome/58/f/181392/DTU/DL/Project/DL_RELAX/results/Very_Hard_To_Guess/3-95695-A-5.wav
------------------------------------------------------------

TERM_OWNER: job killed by owner.
Exited with exit code 130.

Resource usage summary:

    CPU time :                                   55399.36 sec.
    Max Memory :                                 21684 MB
    Average Memory :                             14961.76 MB
    Total Requested Memory :                     131072.00 MB
    Delta Memory :                               109388.00 MB
    Max Swap :                                   2 MB
    Max Processes :                              4
    Max Threads :                                6
    Run time :                                   55412 sec.
    Turnaround time :                            55362 sec.

The output (if any) is above this job summary.



PS:

Read file </zhome/58/f/181392/DTU/DL/Project/DL_RELAX/outputs/19681783.err> for stderr output of this job.

